2016-02-28 15:21:18 DEBUG SpringJUnit4ClassRunner:106 - SpringJUnit4ClassRunner constructor called with [class com.seater.theater.testDB.TestDB].
2016-02-28 15:21:18 INFO  TestContextManager:185 - @TestExecutionListeners is not present for class [class com.seater.theater.testDB.TestDB]: using defaults.
2016-02-28 15:21:18 DEBUG TestContextManager:230 - Could not instantiate default TestExecutionListener class [org.springframework.test.context.transaction.TransactionalTestExecutionListener]. Specify custom listener classes or make the default listener classes available.
2016-02-28 15:21:18 DEBUG ProfileValueUtils:68 - Retrieved @ProfileValueSourceConfiguration [null] for test class [com.seater.theater.testDB.TestDB]
2016-02-28 15:21:18 DEBUG ProfileValueUtils:80 - Retrieved ProfileValueSource type [class org.springframework.test.annotation.SystemProfileValueSource] for class [com.seater.theater.testDB.TestDB]
2016-02-28 15:21:18 DEBUG ProfileValueUtils:68 - Retrieved @ProfileValueSourceConfiguration [null] for test class [com.seater.theater.testDB.TestDB]
2016-02-28 15:21:18 DEBUG ProfileValueUtils:80 - Retrieved ProfileValueSource type [class org.springframework.test.annotation.SystemProfileValueSource] for class [com.seater.theater.testDB.TestDB]
2016-02-28 15:21:18 DEBUG ProfileValueUtils:68 - Retrieved @ProfileValueSourceConfiguration [null] for test class [com.seater.theater.testDB.TestDB]
2016-02-28 15:21:18 DEBUG ProfileValueUtils:80 - Retrieved ProfileValueSource type [class org.springframework.test.annotation.SystemProfileValueSource] for class [com.seater.theater.testDB.TestDB]
2016-02-28 15:21:18 DEBUG ProfileValueUtils:68 - Retrieved @ProfileValueSourceConfiguration [null] for test class [com.seater.theater.testDB.TestDB]
2016-02-28 15:21:18 DEBUG ProfileValueUtils:80 - Retrieved ProfileValueSource type [class org.springframework.test.annotation.SystemProfileValueSource] for class [com.seater.theater.testDB.TestDB]
2016-02-28 15:21:18 DEBUG ProfileValueUtils:68 - Retrieved @ProfileValueSourceConfiguration [null] for test class [com.seater.theater.testDB.TestDB]
2016-02-28 15:21:18 DEBUG ProfileValueUtils:80 - Retrieved ProfileValueSource type [class org.springframework.test.annotation.SystemProfileValueSource] for class [com.seater.theater.testDB.TestDB]
2016-02-28 15:21:18 DEBUG ProfileValueUtils:68 - Retrieved @ProfileValueSourceConfiguration [null] for test class [com.seater.theater.testDB.TestDB]
2016-02-28 15:21:18 DEBUG ProfileValueUtils:80 - Retrieved ProfileValueSource type [class org.springframework.test.annotation.SystemProfileValueSource] for class [com.seater.theater.testDB.TestDB]
2016-02-28 15:21:18 DEBUG DependencyInjectionTestExecutionListener:73 - Performing dependency injection for test context [[TestContext@6d4f3dfa testClass = TestDB, locations = array<String>['classpath:TheaterSeater-Data-Test.xml'], testInstance = com.seater.theater.testDB.TestDB@6d6e2026, testMethod = [null], testException = [null]]].
2016-02-28 15:21:19 DEBUG AbstractGenericContextLoader:75 - Loading ApplicationContext for locations [classpath:TheaterSeater-Data-Test.xml].
2016-02-28 15:21:19 INFO  XmlBeanDefinitionReader:315 - Loading XML bean definitions from class path resource [TheaterSeater-Data-Test.xml]
2016-02-28 15:21:19 DEBUG DefaultDocumentLoader:72 - Using JAXP provider [com.sun.org.apache.xerces.internal.jaxp.DocumentBuilderFactoryImpl]
2016-02-28 15:21:19 DEBUG PluggableSchemaResolver:140 - Loading schema mappings from [META-INF/spring.schemas]
2016-02-28 15:21:19 DEBUG PluggableSchemaResolver:146 - Loaded schema mappings: {http://www.springframework.org/schema/lang/spring-lang.xsd=org/springframework/scripting/config/spring-lang-3.0.xsd, http://www.springframework.org/schema/lang/spring-lang-2.5.xsd=org/springframework/scripting/config/spring-lang-2.5.xsd, http://www.springframework.org/schema/context/spring-context-2.5.xsd=org/springframework/context/config/spring-context-2.5.xsd, http://www.springframework.org/schema/context/spring-context.xsd=org/springframework/context/config/spring-context-3.0.xsd, http://www.springframework.org/schema/aop/spring-aop.xsd=org/springframework/aop/config/spring-aop-2.5.xsd, http://www.springframework.org/schema/util/spring-util-3.0.xsd=org/springframework/beans/factory/xml/spring-util-3.0.xsd, http://www.springframework.org/schema/util/spring-util-2.0.xsd=org/springframework/beans/factory/xml/spring-util-2.0.xsd, http://www.springframework.org/schema/task/spring-task-3.0.xsd=org/springframework/scheduling/config/spring-task-3.0.xsd, http://www.springframework.org/schema/util/spring-util-2.5.xsd=org/springframework/beans/factory/xml/spring-util-2.5.xsd, http://www.springframework.org/schema/tool/spring-tool-3.0.xsd=org/springframework/beans/factory/xml/spring-tool-3.0.xsd, http://www.springframework.org/schema/tool/spring-tool-2.0.xsd=org/springframework/beans/factory/xml/spring-tool-2.0.xsd, http://www.springframework.org/schema/task/spring-task.xsd=org/springframework/scheduling/config/spring-task-3.0.xsd, http://www.springframework.org/schema/context/spring-context-3.0.xsd=org/springframework/context/config/spring-context-3.0.xsd, http://www.springframework.org/schema/beans/spring-beans-2.0.xsd=org/springframework/beans/factory/xml/spring-beans-2.0.xsd, http://www.springframework.org/schema/tool/spring-tool-2.5.xsd=org/springframework/beans/factory/xml/spring-tool-2.5.xsd, http://www.springframework.org/schema/jee/spring-jee.xsd=org/springframework/ejb/config/spring-jee-3.0.xsd, http://www.springframework.org/schema/beans/spring-beans-2.5.xsd=org/springframework/beans/factory/xml/spring-beans-2.5.xsd, http://www.springframework.org/schema/beans/spring-beans.xsd=org/springframework/beans/factory/xml/spring-beans-3.0.xsd, http://www.springframework.org/schema/tool/spring-tool.xsd=org/springframework/beans/factory/xml/spring-tool-3.0.xsd, http://www.springframework.org/schema/jee/spring-jee-3.0.xsd=org/springframework/ejb/config/spring-jee-3.0.xsd, http://www.springframework.org/schema/jee/spring-jee-2.0.xsd=org/springframework/ejb/config/spring-jee-2.0.xsd, http://www.springframework.org/schema/aop/spring-aop-2.0.xsd=org/springframework/aop/config/spring-aop-2.0.xsd, http://www.springframework.org/schema/jee/spring-jee-2.5.xsd=org/springframework/ejb/config/spring-jee-2.5.xsd, http://www.springframework.org/schema/aop/spring-aop-2.5.xsd=org/springframework/aop/config/spring-aop-2.5.xsd, http://www.springframework.org/schema/beans/spring-beans-3.0.xsd=org/springframework/beans/factory/xml/spring-beans-3.0.xsd, http://www.springframework.org/schema/lang/spring-lang-3.0.xsd=org/springframework/scripting/config/spring-lang-3.0.xsd, http://www.springframework.org/schema/lang/spring-lang-2.0.xsd=org/springframework/scripting/config/spring-lang-2.0.xsd, http://www.springframework.org/schema/util/spring-util.xsd=org/springframework/beans/factory/xml/spring-util-3.0.xsd}
2016-02-28 15:21:19 DEBUG PluggableSchemaResolver:118 - Found XML schema [http://www.springframework.org/schema/beans/spring-beans-2.5.xsd] in classpath: org/springframework/beans/factory/xml/spring-beans-2.5.xsd
2016-02-28 15:21:19 DEBUG PluggableSchemaResolver:118 - Found XML schema [http://www.springframework.org/schema/context/spring-context-2.5.xsd] in classpath: org/springframework/context/config/spring-context-2.5.xsd
2016-02-28 15:21:19 DEBUG PluggableSchemaResolver:118 - Found XML schema [http://www.springframework.org/schema/tool/spring-tool-2.5.xsd] in classpath: org/springframework/beans/factory/xml/spring-tool-2.5.xsd
2016-02-28 15:21:19 DEBUG DefaultBeanDefinitionDocumentReader:87 - Loading bean definitions
2016-02-28 15:21:19 DEBUG DefaultNamespaceHandlerResolver:156 - Loaded NamespaceHandler mappings: {http://www.springframework.org/schema/p=org.springframework.beans.factory.xml.SimplePropertyNamespaceHandler, http://www.springframework.org/schema/lang=org.springframework.scripting.config.LangNamespaceHandler, http://www.springframework.org/schema/jee=org.springframework.ejb.config.JeeNamespaceHandler, http://www.springframework.org/schema/aop=org.springframework.aop.config.AopNamespaceHandler, http://www.springframework.org/schema/util=org.springframework.beans.factory.xml.UtilNamespaceHandler, http://www.springframework.org/schema/task=org.springframework.scheduling.config.TaskNamespaceHandler, http://www.springframework.org/schema/context=org.springframework.context.config.ContextNamespaceHandler}
2016-02-28 15:21:20 DEBUG PathMatchingResourcePatternResolver:552 - Looking for matching resources in directory tree [C:\Users\aravind\workspace\New\TheaterSeater\TheaterSeaterData\target\classes\com\seater\theater\dataServices]
2016-02-28 15:21:20 DEBUG PathMatchingResourcePatternResolver:614 - Searching directory [C:\Users\aravind\workspace\New\TheaterSeater\TheaterSeaterData\target\classes\com\seater\theater\dataServices] for files matching pattern [C:/Users/aravind/workspace/New/TheaterSeater/TheaterSeaterData/target/classes/com/seater/theater/dataServices/**/*.class]
2016-02-28 15:21:20 DEBUG PathMatchingResourcePatternResolver:353 - Resolved location pattern [classpath*:com/seater/theater/dataServices/**/*.class] to resources [file [C:\Users\aravind\workspace\New\TheaterSeater\TheaterSeaterData\target\classes\com\seater\theater\dataServices\TheaterSeaterDataServiceImpl.class]]
2016-02-28 15:21:20 DEBUG ClassPathBeanDefinitionScanner:220 - Identified candidate component class: file [C:\Users\aravind\workspace\New\TheaterSeater\TheaterSeaterData\target\classes\com\seater\theater\dataServices\TheaterSeaterDataServiceImpl.class]
2016-02-28 15:21:20 DEBUG XmlBeanDefinitionReader:185 - Loaded 5 bean definitions from location pattern [classpath:TheaterSeater-Data-Test.xml]
2016-02-28 15:21:20 INFO  GenericApplicationContext:456 - Refreshing org.springframework.context.support.GenericApplicationContext@58bead4f: startup date [Sun Feb 28 15:21:20 EST 2016]; root of context hierarchy
2016-02-28 15:21:20 DEBUG GenericApplicationContext:470 - Bean factory for org.springframework.context.support.GenericApplicationContext@58bead4f: org.springframework.beans.factory.support.DefaultListableBeanFactory@3f1dd29a: defining beans [theaterSeaterDataServiceImpl,org.springframework.context.annotation.internalConfigurationAnnotationProcessor,org.springframework.context.annotation.internalAutowiredAnnotationProcessor,org.springframework.context.annotation.internalRequiredAnnotationProcessor,org.springframework.context.annotation.internalCommonAnnotationProcessor]; root of factory hierarchy
2016-02-28 15:21:20 DEBUG DefaultListableBeanFactory:214 - Creating shared instance of singleton bean 'org.springframework.context.annotation.internalConfigurationAnnotationProcessor'
2016-02-28 15:21:20 DEBUG DefaultListableBeanFactory:430 - Creating instance of bean 'org.springframework.context.annotation.internalConfigurationAnnotationProcessor'
2016-02-28 15:21:20 DEBUG DefaultListableBeanFactory:504 - Eagerly caching bean 'org.springframework.context.annotation.internalConfigurationAnnotationProcessor' to allow for resolving potential circular references
2016-02-28 15:21:20 DEBUG DefaultListableBeanFactory:458 - Finished creating instance of bean 'org.springframework.context.annotation.internalConfigurationAnnotationProcessor'
2016-02-28 15:21:20 DEBUG DefaultListableBeanFactory:214 - Creating shared instance of singleton bean 'org.springframework.context.annotation.internalAutowiredAnnotationProcessor'
2016-02-28 15:21:20 DEBUG DefaultListableBeanFactory:430 - Creating instance of bean 'org.springframework.context.annotation.internalAutowiredAnnotationProcessor'
2016-02-28 15:21:20 DEBUG DefaultListableBeanFactory:504 - Eagerly caching bean 'org.springframework.context.annotation.internalAutowiredAnnotationProcessor' to allow for resolving potential circular references
2016-02-28 15:21:20 DEBUG DefaultListableBeanFactory:458 - Finished creating instance of bean 'org.springframework.context.annotation.internalAutowiredAnnotationProcessor'
2016-02-28 15:21:20 DEBUG DefaultListableBeanFactory:214 - Creating shared instance of singleton bean 'org.springframework.context.annotation.internalRequiredAnnotationProcessor'
2016-02-28 15:21:20 DEBUG DefaultListableBeanFactory:430 - Creating instance of bean 'org.springframework.context.annotation.internalRequiredAnnotationProcessor'
2016-02-28 15:21:20 DEBUG DefaultListableBeanFactory:504 - Eagerly caching bean 'org.springframework.context.annotation.internalRequiredAnnotationProcessor' to allow for resolving potential circular references
2016-02-28 15:21:20 DEBUG DefaultListableBeanFactory:458 - Finished creating instance of bean 'org.springframework.context.annotation.internalRequiredAnnotationProcessor'
2016-02-28 15:21:20 DEBUG DefaultListableBeanFactory:214 - Creating shared instance of singleton bean 'org.springframework.context.annotation.internalCommonAnnotationProcessor'
2016-02-28 15:21:20 DEBUG DefaultListableBeanFactory:430 - Creating instance of bean 'org.springframework.context.annotation.internalCommonAnnotationProcessor'
2016-02-28 15:21:20 DEBUG DefaultListableBeanFactory:504 - Eagerly caching bean 'org.springframework.context.annotation.internalCommonAnnotationProcessor' to allow for resolving potential circular references
2016-02-28 15:21:20 DEBUG DefaultListableBeanFactory:458 - Finished creating instance of bean 'org.springframework.context.annotation.internalCommonAnnotationProcessor'
2016-02-28 15:21:20 DEBUG GenericApplicationContext:776 - Unable to locate MessageSource with name 'messageSource': using default [org.springframework.context.support.DelegatingMessageSource@677556a0]
2016-02-28 15:21:20 DEBUG GenericApplicationContext:800 - Unable to locate ApplicationEventMulticaster with name 'applicationEventMulticaster': using default [org.springframework.context.event.SimpleApplicationEventMulticaster@844e7f8]
2016-02-28 15:21:20 INFO  DefaultListableBeanFactory:555 - Pre-instantiating singletons in org.springframework.beans.factory.support.DefaultListableBeanFactory@3f1dd29a: defining beans [theaterSeaterDataServiceImpl,org.springframework.context.annotation.internalConfigurationAnnotationProcessor,org.springframework.context.annotation.internalAutowiredAnnotationProcessor,org.springframework.context.annotation.internalRequiredAnnotationProcessor,org.springframework.context.annotation.internalCommonAnnotationProcessor]; root of factory hierarchy
2016-02-28 15:21:20 DEBUG DefaultListableBeanFactory:214 - Creating shared instance of singleton bean 'theaterSeaterDataServiceImpl'
2016-02-28 15:21:20 DEBUG DefaultListableBeanFactory:430 - Creating instance of bean 'theaterSeaterDataServiceImpl'
2016-02-28 15:21:20 DEBUG CommonAnnotationBeanPostProcessor:200 - Found init method on class [com.seater.theater.dataServices.TheaterSeaterDataServiceImpl]: public void com.seater.theater.dataServices.TheaterSeaterDataServiceImpl.loadDB() throws com.seater.theater.exception.TicketServiceException
2016-02-28 15:21:20 DEBUG CommonAnnotationBeanPostProcessor:208 - Found destroy method on class [com.seater.theater.dataServices.TheaterSeaterDataServiceImpl]: public void com.seater.theater.dataServices.TheaterSeaterDataServiceImpl.unloadDB()
2016-02-28 15:21:20 DEBUG CommonAnnotationBeanPostProcessor:251 - Found init method on class [com.seater.theater.dataServices.TheaterSeaterDataServiceImpl]: org.springframework.beans.factory.annotation.InitDestroyAnnotationBeanPostProcessor$LifecycleElement@be952be4
2016-02-28 15:21:20 DEBUG CommonAnnotationBeanPostProcessor:259 - Found destroy method on class [com.seater.theater.dataServices.TheaterSeaterDataServiceImpl]: org.springframework.beans.factory.annotation.InitDestroyAnnotationBeanPostProcessor$LifecycleElement@f36c23bd
2016-02-28 15:21:20 DEBUG DefaultListableBeanFactory:504 - Eagerly caching bean 'theaterSeaterDataServiceImpl' to allow for resolving potential circular references
2016-02-28 15:21:20 DEBUG CommonAnnotationBeanPostProcessor:291 - Invoking init method on bean 'theaterSeaterDataServiceImpl': public void com.seater.theater.dataServices.TheaterSeaterDataServiceImpl.loadDB() throws com.seater.theater.exception.TicketServiceException
2016-02-28 15:21:21 INFO  TheaterSeaterDataServiceImpl:90 - DataBase loaded
2016-02-28 15:21:21 DEBUG DefaultListableBeanFactory:458 - Finished creating instance of bean 'theaterSeaterDataServiceImpl'
2016-02-28 15:21:21 DEBUG DefaultListableBeanFactory:242 - Returning cached instance of singleton bean 'org.springframework.context.annotation.internalConfigurationAnnotationProcessor'
2016-02-28 15:21:21 DEBUG DefaultListableBeanFactory:242 - Returning cached instance of singleton bean 'org.springframework.context.annotation.internalAutowiredAnnotationProcessor'
2016-02-28 15:21:21 DEBUG DefaultListableBeanFactory:242 - Returning cached instance of singleton bean 'org.springframework.context.annotation.internalRequiredAnnotationProcessor'
2016-02-28 15:21:21 DEBUG DefaultListableBeanFactory:242 - Returning cached instance of singleton bean 'org.springframework.context.annotation.internalCommonAnnotationProcessor'
2016-02-28 15:21:21 DEBUG GenericApplicationContext:827 - Unable to locate LifecycleProcessor with name 'lifecycleProcessor': using default [org.springframework.context.support.DefaultLifecycleProcessor@28c77d04]
2016-02-28 15:21:21 DEBUG DefaultListableBeanFactory:242 - Returning cached instance of singleton bean 'lifecycleProcessor'
2016-02-28 15:21:21 DEBUG InjectionMetadata:59 - Found injected element on class [com.seater.theater.testDB.TestDB]: AutowiredFieldElement for com.theaterSeater.Interfaces.TheaterSeaterDataService com.seater.theater.testDB.TestDB.theaterSeaterDataService
2016-02-28 15:21:21 DEBUG InjectionMetadata:82 - Processing injected method of bean 'com.seater.theater.testDB.TestDB': AutowiredFieldElement for com.theaterSeater.Interfaces.TheaterSeaterDataService com.seater.theater.testDB.TestDB.theaterSeaterDataService
2016-02-28 15:21:21 DEBUG DefaultListableBeanFactory:242 - Returning cached instance of singleton bean 'theaterSeaterDataServiceImpl'
2016-02-28 15:21:21 DEBUG AutowiredAnnotationBeanPostProcessor:420 - Autowiring by type from bean name 'com.seater.theater.testDB.TestDB' to bean named 'theaterSeaterDataServiceImpl'
2016-02-28 15:21:21 DEBUG DirtiesContextTestExecutionListener:86 - After test method: context [[TestContext@6d4f3dfa testClass = TestDB, locations = array<String>['classpath:TheaterSeater-Data-Test.xml'], testInstance = com.seater.theater.testDB.TestDB@6d6e2026, testMethod = testDB@TestDB, testException = [null]]], class dirties context [false], class mode [null], method dirties context [false].
2016-02-28 15:21:21 DEBUG DirtiesContextTestExecutionListener:113 - After test class: context [[TestContext@6d4f3dfa testClass = TestDB, locations = array<String>['classpath:TheaterSeater-Data-Test.xml'], testInstance = [null], testMethod = [null], testException = [null]]], dirtiesContext [false].
2016-02-28 15:21:21 INFO  GenericApplicationContext:1002 - Closing org.springframework.context.support.GenericApplicationContext@58bead4f: startup date [Sun Feb 28 15:21:20 EST 2016]; root of context hierarchy
2016-02-28 15:21:21 DEBUG DefaultListableBeanFactory:242 - Returning cached instance of singleton bean 'lifecycleProcessor'
2016-02-28 15:21:21 INFO  DefaultListableBeanFactory:422 - Destroying singletons in org.springframework.beans.factory.support.DefaultListableBeanFactory@3f1dd29a: defining beans [theaterSeaterDataServiceImpl,org.springframework.context.annotation.internalConfigurationAnnotationProcessor,org.springframework.context.annotation.internalAutowiredAnnotationProcessor,org.springframework.context.annotation.internalRequiredAnnotationProcessor,org.springframework.context.annotation.internalCommonAnnotationProcessor]; root of factory hierarchy
2016-02-28 15:21:21 DEBUG DefaultListableBeanFactory:477 - Retrieved dependent beans for bean 'theaterSeaterDataServiceImpl': [com.seater.theater.testDB.TestDB]
2016-02-28 15:21:21 DEBUG CommonAnnotationBeanPostProcessor:303 - Invoking destroy method on bean 'theaterSeaterDataServiceImpl': public void com.seater.theater.dataServices.TheaterSeaterDataServiceImpl.unloadDB()
2016-02-28 15:53:30 DEBUG SpringJUnit4ClassRunner:106 - SpringJUnit4ClassRunner constructor called with [class com.seater.theater.testDB.TestDB].
2016-02-28 15:53:30 INFO  TestContextManager:185 - @TestExecutionListeners is not present for class [class com.seater.theater.testDB.TestDB]: using defaults.
2016-02-28 15:53:30 DEBUG TestContextManager:230 - Could not instantiate default TestExecutionListener class [org.springframework.test.context.transaction.TransactionalTestExecutionListener]. Specify custom listener classes or make the default listener classes available.
2016-02-28 15:53:30 DEBUG ProfileValueUtils:68 - Retrieved @ProfileValueSourceConfiguration [null] for test class [com.seater.theater.testDB.TestDB]
2016-02-28 15:53:30 DEBUG ProfileValueUtils:80 - Retrieved ProfileValueSource type [class org.springframework.test.annotation.SystemProfileValueSource] for class [com.seater.theater.testDB.TestDB]
2016-02-28 15:53:30 DEBUG ProfileValueUtils:68 - Retrieved @ProfileValueSourceConfiguration [null] for test class [com.seater.theater.testDB.TestDB]
2016-02-28 15:53:30 DEBUG ProfileValueUtils:80 - Retrieved ProfileValueSource type [class org.springframework.test.annotation.SystemProfileValueSource] for class [com.seater.theater.testDB.TestDB]
2016-02-28 15:53:30 DEBUG ProfileValueUtils:68 - Retrieved @ProfileValueSourceConfiguration [null] for test class [com.seater.theater.testDB.TestDB]
2016-02-28 15:53:30 DEBUG ProfileValueUtils:80 - Retrieved ProfileValueSource type [class org.springframework.test.annotation.SystemProfileValueSource] for class [com.seater.theater.testDB.TestDB]
2016-02-28 15:53:30 DEBUG ProfileValueUtils:68 - Retrieved @ProfileValueSourceConfiguration [null] for test class [com.seater.theater.testDB.TestDB]
2016-02-28 15:53:30 DEBUG ProfileValueUtils:80 - Retrieved ProfileValueSource type [class org.springframework.test.annotation.SystemProfileValueSource] for class [com.seater.theater.testDB.TestDB]
2016-02-28 15:53:30 DEBUG ProfileValueUtils:68 - Retrieved @ProfileValueSourceConfiguration [null] for test class [com.seater.theater.testDB.TestDB]
2016-02-28 15:53:30 DEBUG ProfileValueUtils:80 - Retrieved ProfileValueSource type [class org.springframework.test.annotation.SystemProfileValueSource] for class [com.seater.theater.testDB.TestDB]
2016-02-28 15:53:30 DEBUG ProfileValueUtils:68 - Retrieved @ProfileValueSourceConfiguration [null] for test class [com.seater.theater.testDB.TestDB]
2016-02-28 15:53:30 DEBUG ProfileValueUtils:80 - Retrieved ProfileValueSource type [class org.springframework.test.annotation.SystemProfileValueSource] for class [com.seater.theater.testDB.TestDB]
2016-02-28 15:53:30 DEBUG DependencyInjectionTestExecutionListener:73 - Performing dependency injection for test context [[TestContext@6d6e2026 testClass = TestDB, locations = array<String>['classpath:TheaterSeater-Data-Test.xml'], testInstance = com.seater.theater.testDB.TestDB@5900d6ea, testMethod = [null], testException = [null]]].
2016-02-28 15:53:30 DEBUG AbstractGenericContextLoader:75 - Loading ApplicationContext for locations [classpath:TheaterSeater-Data-Test.xml].
2016-02-28 15:53:30 INFO  XmlBeanDefinitionReader:315 - Loading XML bean definitions from class path resource [TheaterSeater-Data-Test.xml]
2016-02-28 15:53:30 DEBUG DefaultDocumentLoader:72 - Using JAXP provider [com.sun.org.apache.xerces.internal.jaxp.DocumentBuilderFactoryImpl]
2016-02-28 15:53:31 DEBUG PluggableSchemaResolver:140 - Loading schema mappings from [META-INF/spring.schemas]
2016-02-28 15:53:31 DEBUG PluggableSchemaResolver:146 - Loaded schema mappings: {http://www.springframework.org/schema/lang/spring-lang.xsd=org/springframework/scripting/config/spring-lang-3.0.xsd, http://www.springframework.org/schema/lang/spring-lang-2.5.xsd=org/springframework/scripting/config/spring-lang-2.5.xsd, http://www.springframework.org/schema/context/spring-context-2.5.xsd=org/springframework/context/config/spring-context-2.5.xsd, http://www.springframework.org/schema/context/spring-context.xsd=org/springframework/context/config/spring-context-3.0.xsd, http://www.springframework.org/schema/aop/spring-aop.xsd=org/springframework/aop/config/spring-aop-2.5.xsd, http://www.springframework.org/schema/util/spring-util-3.0.xsd=org/springframework/beans/factory/xml/spring-util-3.0.xsd, http://www.springframework.org/schema/util/spring-util-2.0.xsd=org/springframework/beans/factory/xml/spring-util-2.0.xsd, http://www.springframework.org/schema/task/spring-task-3.0.xsd=org/springframework/scheduling/config/spring-task-3.0.xsd, http://www.springframework.org/schema/util/spring-util-2.5.xsd=org/springframework/beans/factory/xml/spring-util-2.5.xsd, http://www.springframework.org/schema/tool/spring-tool-3.0.xsd=org/springframework/beans/factory/xml/spring-tool-3.0.xsd, http://www.springframework.org/schema/tool/spring-tool-2.0.xsd=org/springframework/beans/factory/xml/spring-tool-2.0.xsd, http://www.springframework.org/schema/task/spring-task.xsd=org/springframework/scheduling/config/spring-task-3.0.xsd, http://www.springframework.org/schema/context/spring-context-3.0.xsd=org/springframework/context/config/spring-context-3.0.xsd, http://www.springframework.org/schema/beans/spring-beans-2.0.xsd=org/springframework/beans/factory/xml/spring-beans-2.0.xsd, http://www.springframework.org/schema/tool/spring-tool-2.5.xsd=org/springframework/beans/factory/xml/spring-tool-2.5.xsd, http://www.springframework.org/schema/jee/spring-jee.xsd=org/springframework/ejb/config/spring-jee-3.0.xsd, http://www.springframework.org/schema/beans/spring-beans-2.5.xsd=org/springframework/beans/factory/xml/spring-beans-2.5.xsd, http://www.springframework.org/schema/beans/spring-beans.xsd=org/springframework/beans/factory/xml/spring-beans-3.0.xsd, http://www.springframework.org/schema/tool/spring-tool.xsd=org/springframework/beans/factory/xml/spring-tool-3.0.xsd, http://www.springframework.org/schema/jee/spring-jee-3.0.xsd=org/springframework/ejb/config/spring-jee-3.0.xsd, http://www.springframework.org/schema/jee/spring-jee-2.0.xsd=org/springframework/ejb/config/spring-jee-2.0.xsd, http://www.springframework.org/schema/aop/spring-aop-2.0.xsd=org/springframework/aop/config/spring-aop-2.0.xsd, http://www.springframework.org/schema/jee/spring-jee-2.5.xsd=org/springframework/ejb/config/spring-jee-2.5.xsd, http://www.springframework.org/schema/aop/spring-aop-2.5.xsd=org/springframework/aop/config/spring-aop-2.5.xsd, http://www.springframework.org/schema/beans/spring-beans-3.0.xsd=org/springframework/beans/factory/xml/spring-beans-3.0.xsd, http://www.springframework.org/schema/lang/spring-lang-3.0.xsd=org/springframework/scripting/config/spring-lang-3.0.xsd, http://www.springframework.org/schema/lang/spring-lang-2.0.xsd=org/springframework/scripting/config/spring-lang-2.0.xsd, http://www.springframework.org/schema/util/spring-util.xsd=org/springframework/beans/factory/xml/spring-util-3.0.xsd}
2016-02-28 15:53:31 DEBUG PluggableSchemaResolver:118 - Found XML schema [http://www.springframework.org/schema/beans/spring-beans-2.5.xsd] in classpath: org/springframework/beans/factory/xml/spring-beans-2.5.xsd
2016-02-28 15:53:31 DEBUG PluggableSchemaResolver:118 - Found XML schema [http://www.springframework.org/schema/context/spring-context-2.5.xsd] in classpath: org/springframework/context/config/spring-context-2.5.xsd
2016-02-28 15:53:31 DEBUG PluggableSchemaResolver:118 - Found XML schema [http://www.springframework.org/schema/tool/spring-tool-2.5.xsd] in classpath: org/springframework/beans/factory/xml/spring-tool-2.5.xsd
2016-02-28 15:53:31 DEBUG DefaultBeanDefinitionDocumentReader:87 - Loading bean definitions
2016-02-28 15:53:31 DEBUG DefaultNamespaceHandlerResolver:156 - Loaded NamespaceHandler mappings: {http://www.springframework.org/schema/p=org.springframework.beans.factory.xml.SimplePropertyNamespaceHandler, http://www.springframework.org/schema/lang=org.springframework.scripting.config.LangNamespaceHandler, http://www.springframework.org/schema/jee=org.springframework.ejb.config.JeeNamespaceHandler, http://www.springframework.org/schema/aop=org.springframework.aop.config.AopNamespaceHandler, http://www.springframework.org/schema/util=org.springframework.beans.factory.xml.UtilNamespaceHandler, http://www.springframework.org/schema/task=org.springframework.scheduling.config.TaskNamespaceHandler, http://www.springframework.org/schema/context=org.springframework.context.config.ContextNamespaceHandler}
2016-02-28 15:53:31 DEBUG PathMatchingResourcePatternResolver:552 - Looking for matching resources in directory tree [C:\Users\aravind\workspace\New\TheaterSeater\TheaterSeaterData\target\classes\com\seater\theater\dataServices]
2016-02-28 15:53:31 DEBUG PathMatchingResourcePatternResolver:614 - Searching directory [C:\Users\aravind\workspace\New\TheaterSeater\TheaterSeaterData\target\classes\com\seater\theater\dataServices] for files matching pattern [C:/Users/aravind/workspace/New/TheaterSeater/TheaterSeaterData/target/classes/com/seater/theater/dataServices/**/*.class]
2016-02-28 15:53:31 DEBUG PathMatchingResourcePatternResolver:353 - Resolved location pattern [classpath*:com/seater/theater/dataServices/**/*.class] to resources [file [C:\Users\aravind\workspace\New\TheaterSeater\TheaterSeaterData\target\classes\com\seater\theater\dataServices\TheaterSeaterDataServiceImpl.class]]
2016-02-28 15:53:31 DEBUG ClassPathBeanDefinitionScanner:220 - Identified candidate component class: file [C:\Users\aravind\workspace\New\TheaterSeater\TheaterSeaterData\target\classes\com\seater\theater\dataServices\TheaterSeaterDataServiceImpl.class]
2016-02-28 15:53:31 DEBUG XmlBeanDefinitionReader:185 - Loaded 5 bean definitions from location pattern [classpath:TheaterSeater-Data-Test.xml]
2016-02-28 15:53:31 INFO  GenericApplicationContext:456 - Refreshing org.springframework.context.support.GenericApplicationContext@4e644b0d: startup date [Sun Feb 28 15:53:31 EST 2016]; root of context hierarchy
2016-02-28 15:53:31 DEBUG GenericApplicationContext:470 - Bean factory for org.springframework.context.support.GenericApplicationContext@4e644b0d: org.springframework.beans.factory.support.DefaultListableBeanFactory@7cd75f7a: defining beans [theaterSeaterDataServiceImpl,org.springframework.context.annotation.internalConfigurationAnnotationProcessor,org.springframework.context.annotation.internalAutowiredAnnotationProcessor,org.springframework.context.annotation.internalRequiredAnnotationProcessor,org.springframework.context.annotation.internalCommonAnnotationProcessor]; root of factory hierarchy
2016-02-28 15:53:31 DEBUG DefaultListableBeanFactory:214 - Creating shared instance of singleton bean 'org.springframework.context.annotation.internalConfigurationAnnotationProcessor'
2016-02-28 15:53:31 DEBUG DefaultListableBeanFactory:430 - Creating instance of bean 'org.springframework.context.annotation.internalConfigurationAnnotationProcessor'
2016-02-28 15:53:32 DEBUG DefaultListableBeanFactory:504 - Eagerly caching bean 'org.springframework.context.annotation.internalConfigurationAnnotationProcessor' to allow for resolving potential circular references
2016-02-28 15:53:32 DEBUG DefaultListableBeanFactory:458 - Finished creating instance of bean 'org.springframework.context.annotation.internalConfigurationAnnotationProcessor'
2016-02-28 15:53:32 DEBUG DefaultListableBeanFactory:214 - Creating shared instance of singleton bean 'org.springframework.context.annotation.internalAutowiredAnnotationProcessor'
2016-02-28 15:53:32 DEBUG DefaultListableBeanFactory:430 - Creating instance of bean 'org.springframework.context.annotation.internalAutowiredAnnotationProcessor'
2016-02-28 15:53:32 DEBUG DefaultListableBeanFactory:504 - Eagerly caching bean 'org.springframework.context.annotation.internalAutowiredAnnotationProcessor' to allow for resolving potential circular references
2016-02-28 15:53:32 DEBUG DefaultListableBeanFactory:458 - Finished creating instance of bean 'org.springframework.context.annotation.internalAutowiredAnnotationProcessor'
2016-02-28 15:53:32 DEBUG DefaultListableBeanFactory:214 - Creating shared instance of singleton bean 'org.springframework.context.annotation.internalRequiredAnnotationProcessor'
2016-02-28 15:53:32 DEBUG DefaultListableBeanFactory:430 - Creating instance of bean 'org.springframework.context.annotation.internalRequiredAnnotationProcessor'
2016-02-28 15:53:32 DEBUG DefaultListableBeanFactory:504 - Eagerly caching bean 'org.springframework.context.annotation.internalRequiredAnnotationProcessor' to allow for resolving potential circular references
2016-02-28 15:53:32 DEBUG DefaultListableBeanFactory:458 - Finished creating instance of bean 'org.springframework.context.annotation.internalRequiredAnnotationProcessor'
2016-02-28 15:53:32 DEBUG DefaultListableBeanFactory:214 - Creating shared instance of singleton bean 'org.springframework.context.annotation.internalCommonAnnotationProcessor'
2016-02-28 15:53:32 DEBUG DefaultListableBeanFactory:430 - Creating instance of bean 'org.springframework.context.annotation.internalCommonAnnotationProcessor'
2016-02-28 15:53:32 DEBUG DefaultListableBeanFactory:504 - Eagerly caching bean 'org.springframework.context.annotation.internalCommonAnnotationProcessor' to allow for resolving potential circular references
2016-02-28 15:53:32 DEBUG DefaultListableBeanFactory:458 - Finished creating instance of bean 'org.springframework.context.annotation.internalCommonAnnotationProcessor'
2016-02-28 15:53:32 DEBUG GenericApplicationContext:776 - Unable to locate MessageSource with name 'messageSource': using default [org.springframework.context.support.DelegatingMessageSource@5a49f1cb]
2016-02-28 15:53:32 DEBUG GenericApplicationContext:800 - Unable to locate ApplicationEventMulticaster with name 'applicationEventMulticaster': using default [org.springframework.context.event.SimpleApplicationEventMulticaster@1650b3cd]
2016-02-28 15:53:32 INFO  DefaultListableBeanFactory:555 - Pre-instantiating singletons in org.springframework.beans.factory.support.DefaultListableBeanFactory@7cd75f7a: defining beans [theaterSeaterDataServiceImpl,org.springframework.context.annotation.internalConfigurationAnnotationProcessor,org.springframework.context.annotation.internalAutowiredAnnotationProcessor,org.springframework.context.annotation.internalRequiredAnnotationProcessor,org.springframework.context.annotation.internalCommonAnnotationProcessor]; root of factory hierarchy
2016-02-28 15:53:32 DEBUG DefaultListableBeanFactory:214 - Creating shared instance of singleton bean 'theaterSeaterDataServiceImpl'
2016-02-28 15:53:32 DEBUG DefaultListableBeanFactory:430 - Creating instance of bean 'theaterSeaterDataServiceImpl'
2016-02-28 15:53:32 DEBUG CommonAnnotationBeanPostProcessor:200 - Found init method on class [com.seater.theater.dataServices.TheaterSeaterDataServiceImpl]: public void com.seater.theater.dataServices.TheaterSeaterDataServiceImpl.loadDB() throws com.seater.theater.exception.TicketServiceException
2016-02-28 15:53:32 DEBUG CommonAnnotationBeanPostProcessor:208 - Found destroy method on class [com.seater.theater.dataServices.TheaterSeaterDataServiceImpl]: public void com.seater.theater.dataServices.TheaterSeaterDataServiceImpl.unloadDB()
2016-02-28 15:53:32 DEBUG CommonAnnotationBeanPostProcessor:251 - Found init method on class [com.seater.theater.dataServices.TheaterSeaterDataServiceImpl]: org.springframework.beans.factory.annotation.InitDestroyAnnotationBeanPostProcessor$LifecycleElement@be952be4
2016-02-28 15:53:32 DEBUG CommonAnnotationBeanPostProcessor:259 - Found destroy method on class [com.seater.theater.dataServices.TheaterSeaterDataServiceImpl]: org.springframework.beans.factory.annotation.InitDestroyAnnotationBeanPostProcessor$LifecycleElement@f36c23bd
2016-02-28 15:53:32 DEBUG DefaultListableBeanFactory:504 - Eagerly caching bean 'theaterSeaterDataServiceImpl' to allow for resolving potential circular references
2016-02-28 15:53:32 DEBUG CommonAnnotationBeanPostProcessor:291 - Invoking init method on bean 'theaterSeaterDataServiceImpl': public void com.seater.theater.dataServices.TheaterSeaterDataServiceImpl.loadDB() throws com.seater.theater.exception.TicketServiceException
2016-02-28 15:53:33 INFO  TheaterSeaterDataServiceImpl:89 - DataBase loaded
2016-02-28 15:53:33 DEBUG DefaultListableBeanFactory:458 - Finished creating instance of bean 'theaterSeaterDataServiceImpl'
2016-02-28 15:53:33 DEBUG DefaultListableBeanFactory:242 - Returning cached instance of singleton bean 'org.springframework.context.annotation.internalConfigurationAnnotationProcessor'
2016-02-28 15:53:33 DEBUG DefaultListableBeanFactory:242 - Returning cached instance of singleton bean 'org.springframework.context.annotation.internalAutowiredAnnotationProcessor'
2016-02-28 15:53:33 DEBUG DefaultListableBeanFactory:242 - Returning cached instance of singleton bean 'org.springframework.context.annotation.internalRequiredAnnotationProcessor'
2016-02-28 15:53:33 DEBUG DefaultListableBeanFactory:242 - Returning cached instance of singleton bean 'org.springframework.context.annotation.internalCommonAnnotationProcessor'
2016-02-28 15:53:33 DEBUG GenericApplicationContext:827 - Unable to locate LifecycleProcessor with name 'lifecycleProcessor': using default [org.springframework.context.support.DefaultLifecycleProcessor@2ae1ef17]
2016-02-28 15:53:33 DEBUG DefaultListableBeanFactory:242 - Returning cached instance of singleton bean 'lifecycleProcessor'
2016-02-28 15:53:33 DEBUG InjectionMetadata:59 - Found injected element on class [com.seater.theater.testDB.TestDB]: AutowiredFieldElement for com.theaterSeater.Interfaces.TheaterSeaterDataService com.seater.theater.testDB.TestDB.theaterSeaterDataService
2016-02-28 15:53:33 DEBUG InjectionMetadata:82 - Processing injected method of bean 'com.seater.theater.testDB.TestDB': AutowiredFieldElement for com.theaterSeater.Interfaces.TheaterSeaterDataService com.seater.theater.testDB.TestDB.theaterSeaterDataService
2016-02-28 15:53:33 DEBUG DefaultListableBeanFactory:242 - Returning cached instance of singleton bean 'theaterSeaterDataServiceImpl'
2016-02-28 15:53:33 DEBUG AutowiredAnnotationBeanPostProcessor:420 - Autowiring by type from bean name 'com.seater.theater.testDB.TestDB' to bean named 'theaterSeaterDataServiceImpl'
2016-02-28 15:53:33 DEBUG DirtiesContextTestExecutionListener:86 - After test method: context [[TestContext@6d6e2026 testClass = TestDB, locations = array<String>['classpath:TheaterSeater-Data-Test.xml'], testInstance = com.seater.theater.testDB.TestDB@5900d6ea, testMethod = testDB@TestDB, testException = [null]]], class dirties context [false], class mode [null], method dirties context [false].
2016-02-28 15:53:33 DEBUG DirtiesContextTestExecutionListener:113 - After test class: context [[TestContext@6d6e2026 testClass = TestDB, locations = array<String>['classpath:TheaterSeater-Data-Test.xml'], testInstance = [null], testMethod = [null], testException = [null]]], dirtiesContext [false].
2016-02-28 15:53:33 INFO  GenericApplicationContext:1002 - Closing org.springframework.context.support.GenericApplicationContext@4e644b0d: startup date [Sun Feb 28 15:53:31 EST 2016]; root of context hierarchy
2016-02-28 15:53:33 DEBUG DefaultListableBeanFactory:242 - Returning cached instance of singleton bean 'lifecycleProcessor'
2016-02-28 15:53:33 INFO  DefaultListableBeanFactory:422 - Destroying singletons in org.springframework.beans.factory.support.DefaultListableBeanFactory@7cd75f7a: defining beans [theaterSeaterDataServiceImpl,org.springframework.context.annotation.internalConfigurationAnnotationProcessor,org.springframework.context.annotation.internalAutowiredAnnotationProcessor,org.springframework.context.annotation.internalRequiredAnnotationProcessor,org.springframework.context.annotation.internalCommonAnnotationProcessor]; root of factory hierarchy
2016-02-28 15:53:33 DEBUG DefaultListableBeanFactory:477 - Retrieved dependent beans for bean 'theaterSeaterDataServiceImpl': [com.seater.theater.testDB.TestDB]
2016-02-28 15:53:33 DEBUG CommonAnnotationBeanPostProcessor:303 - Invoking destroy method on bean 'theaterSeaterDataServiceImpl': public void com.seater.theater.dataServices.TheaterSeaterDataServiceImpl.unloadDB()
